TN:
SF:src\index.js
FN:119,VerifyIfExistsUser
FNF:1
FNH:1
FNDA:13,VerifyIfExistsUser
DA:1,1
DA:2,1
DA:3,1
DA:4,1
DA:5,1
DA:6,1
DA:7,1
DA:8,1
DA:9,1
DA:10,1
DA:11,1
DA:12,8
DA:13,8
DA:14,8
DA:15,8
DA:16,8
DA:17,8
DA:18,8
DA:19,8
DA:20,8
DA:21,8
DA:22,8
DA:23,8
DA:24,8
DA:25,8
DA:26,8
DA:27,8
DA:28,8
DA:29,8
DA:30,8
DA:31,8
DA:32,0
DA:33,0
DA:34,8
DA:35,1
DA:36,1
DA:37,2
DA:38,2
DA:39,2
DA:40,1
DA:41,1
DA:42,5
DA:43,5
DA:44,5
DA:45,5
DA:46,5
DA:47,5
DA:48,5
DA:49,5
DA:50,5
DA:51,5
DA:52,5
DA:53,5
DA:54,5
DA:55,5
DA:56,5
DA:57,5
DA:58,0
DA:59,0
DA:60,5
DA:61,1
DA:62,1
DA:63,2
DA:64,2
DA:65,2
DA:66,2
DA:67,2
DA:68,2
DA:69,2
DA:70,2
DA:71,0
DA:72,0
DA:73,0
DA:74,0
DA:75,0
DA:76,0
DA:77,0
DA:78,0
DA:79,0
DA:80,0
DA:81,2
DA:82,1
DA:83,1
DA:84,2
DA:85,2
DA:86,2
DA:87,2
DA:88,2
DA:89,2
DA:90,2
DA:91,0
DA:92,0
DA:93,0
DA:94,0
DA:95,0
DA:96,0
DA:97,0
DA:98,0
DA:99,0
DA:100,0
DA:101,0
DA:102,2
DA:103,1
DA:104,1
DA:105,2
DA:106,2
DA:107,2
DA:108,2
DA:109,2
DA:110,2
DA:111,0
DA:112,0
DA:113,2
DA:114,2
DA:115,2
DA:116,2
DA:117,2
DA:118,1
DA:119,13
DA:120,13
DA:121,13
DA:122,13
DA:123,13
DA:124,0
DA:125,0
DA:126,13
DA:127,13
DA:128,13
DA:129,1
DA:130,1
DA:131,1
LF:131
LH:102
BRDA:11,0,0,8
BRDA:20,1,0,0
BRDA:31,2,0,0
BRDA:16,3,0,28
BRDA:36,4,0,2
BRDA:41,5,0,5
BRDA:57,6,0,0
BRDA:62,7,0,2
BRDA:70,8,0,0
BRDA:67,9,0,1
BRDA:83,10,0,2
BRDA:90,11,0,0
BRDA:87,12,0,1
BRDA:104,13,0,2
BRDA:110,14,0,0
BRDA:108,15,0,1
BRDA:119,16,0,13
BRDA:123,17,0,0
BRDA:122,18,0,59
BRF:19
BRH:12
end_of_record
